Application/build/outputs/logs/manifest-merger-debug-report.txt
-- Merging decision tree log ---
manifest
ADDED from src\main\AndroidManifest.xml:3:1-122:12
	package
		ADDED from src\main\AndroidManifest.xml:5:5-50
	android:versionName
		ADDED from src\main\AndroidManifest.xml:7:5-30
		INJECTED from src\main\AndroidManifest.xml
		INJECTED from src\main\AndroidManifest.xml
	xmlns:tools
		ADDED from src\main\AndroidManifest.xml:4:5-51
	android:versionCode
		ADDED from src\main\AndroidManifest.xml:6:5-28
		INJECTED from src\main\AndroidManifest.xml
		INJECTED from src\main\AndroidManifest.xml
	xmlns:android
		ADDED from src\main\AndroidManifest.xml:3:11-69
uses-feature#android.hardware.bluetooth_le
ADDED from src\main\AndroidManifest.xml:9:5-11:35
	android:required
		ADDED from src\main\AndroidManifest.xml:11:9-32
	android:name
		ADDED from src\main\AndroidManifest.xml:10:9-53
uses-permission#android.permission.BLUETOOTH
ADDED from src\main\AndroidManifest.xml:13:5-68
	android:name
		ADDED from src\main\AndroidManifest.xml:13:22-65
uses-permission#android.permission.BLUETOOTH_ADMIN
ADDED from src\main\AndroidManifest.xml:14:5-74
	android:name
		ADDED from src\main\AndroidManifest.xml:14:22-71
application
ADDED from src\main\AndroidManifest.xml:16:5-120:19
MERGED from [com.android.support:support-v13:25.3.1] AndroidManifest.xml:29:5-20
MERGED from [com.android.support:cardview-v7:25.3.1] AndroidManifest.xml:26:5-20
MERGED from [com.android.support.constraint:constraint-layout:1.0.2] AndroidManifest.xml:9:5-20
MERGED from [com.android.support:appcompat-v7:25.3.1] AndroidManifest.xml:29:5-20
MERGED from [com.android.support:support-v4:25.3.1] AndroidManifest.xml:29:5-20
MERGED from [com.android.support:support-fragment:25.3.1] AndroidManifest.xml:29:5-20
MERGED from [com.android.support:support-media-compat:25.3.1] AndroidManifest.xml:29:5-20
MERGED from [com.android.support:support-core-ui:25.3.1] AndroidManifest.xml:29:5-20
MERGED from [com.android.support:support-core-utils:25.3.1] AndroidManifest.xml:29:5-20
MERGED from [com.android.support:animated-vector-drawable:25.3.1] AndroidManifest.xml:26:5-20
MERGED from [com.android.support:support-vector-drawable:25.3.1] AndroidManifest.xml:26:5-20
MERGED from [com.android.support:support-compat:25.3.1] AndroidManifest.xml:29:5-20
	android:label
		ADDED from src\main\AndroidManifest.xml:19:9-35
	android:configChanges
		ADDED from src\main\AndroidManifest.xml:17:9-59
	android:icon
		ADDED from src\main\AndroidManifest.xml:18:9-38
	android:theme
		ADDED from src\main\AndroidManifest.xml:20:9-62
activity#com.example.android.bluetoothlegatt.com.DeviceScanActivity
ADDED from src\main\AndroidManifest.xml:22:9-30:20
	android:label
		ADDED from src\main\AndroidManifest.xml:24:13-39
	android:configChanges
		ADDED from src\main\AndroidManifest.xml:25:13-63
	android:name
		ADDED from src\main\AndroidManifest.xml:23:13-51
intent-filter#android.intent.action.MAIN+android.intent.category.LAUNCHER
ADDED from src\main\AndroidManifest.xml:26:13-29:29
action#android.intent.action.MAIN
ADDED from src\main\AndroidManifest.xml:27:17-69
	android:name
		ADDED from src\main\AndroidManifest.xml:27:25-66
category#android.intent.category.LAUNCHER
ADDED from src\main\AndroidManifest.xml:28:17-77
	android:name
		ADDED from src\main\AndroidManifest.xml:28:27-74
activity#com.example.android.bluetoothlegatt.com.DeviceControlActivity
ADDED from src\main\AndroidManifest.xml:32:9-36:52
	android:clearTaskOnLaunch
		ADDED from src\main\AndroidManifest.xml:34:13-45
	android:screenOrientation
		ADDED from src\main\AndroidManifest.xml:36:13-50
	android:launchMode
		ADDED from src\main\AndroidManifest.xml:35:13-48
	android:name
		ADDED from src\main\AndroidManifest.xml:33:13-54
service#com.example.android.bluetoothlegatt.com.BluetoothLeService
ADDED from src\main\AndroidManifest.xml:38:9-40:38
	android:enabled
		ADDED from src\main\AndroidManifest.xml:40:13-35
	android:name
		ADDED from src\main\AndroidManifest.xml:39:13-51
uses-permission#android.permission.INTERNET
ADDED from src\main\AndroidManifest.xml:42:9-43:50
	tools:ignore
		ADDED from src\main\AndroidManifest.xml:43:13-47
	android:name
		ADDED from src\main\AndroidManifest.xml:42:26-68
uses-permission#android.permission.ACCESS_WIFI_STATE
ADDED from src\main\AndroidManifest.xml:44:9-45:50
	tools:ignore
		ADDED from src\main\AndroidManifest.xml:45:13-47
	android:name
		ADDED from src\main\AndroidManifest.xml:44:26-77
uses-sdk
ADDED from src\main\AndroidManifest.xml:47:9-48:50
MERGED from [com.android.support:cardview-v7:25.3.1] AndroidManifest.xml:20:5-43
MERGED from [com.android.support.constraint:constraint-layout:1.0.2] AndroidManifest.xml:5:5-7:41
MERGED from [com.android.support:appcompat-v7:25.3.1] AndroidManifest.xml:21:5-23:78
MERGED from [com.android.support:support-v4:25.3.1] AndroidManifest.xml:21:5-23:54
MERGED from [com.android.support:support-fragment:25.3.1] AndroidManifest.xml:21:5-23:60
MERGED from [com.android.support:support-media-compat:25.3.1] AndroidManifest.xml:21:5-23:63
MERGED from [com.android.support:support-core-ui:25.3.1] AndroidManifest.xml:21:5-23:58
MERGED from [com.android.support:support-core-utils:25.3.1] AndroidManifest.xml:21:5-23:61
MERGED from [com.android.support:animated-vector-drawable:25.3.1] AndroidManifest.xml:20:5-44
MERGED from [com.android.support:support-vector-drawable:25.3.1] AndroidManifest.xml:20:5-43
MERGED from [com.android.support:support-compat:25.3.1] AndroidManifest.xml:21:5-23:58
MERGED from [jp.wasabeef:glide-transformations:1.3.1] AndroidManifest.xml:8:5-10:41
	android:targetSdkVersion
		INJECTED from src\main\AndroidManifest.xml
		ADDED from [com.android.support.constraint:constraint-layout:1.0.2] AndroidManifest.xml:7:9-38
		INJECTED from src\main\AndroidManifest.xml
	tools:ignore
		ADDED from src\main\AndroidManifest.xml:48:13-47
	android:minSdkVersion
		ADDED from src\main\AndroidManifest.xml:47:19-44
		INJECTED from src\main\AndroidManifest.xml
		INJECTED from src\main\AndroidManifest.xml
activity#com.example.android.bluetoothlegatt.com.map.map_main_activity
ADDED from src\main\AndroidManifest.xml:50:9-55:25
	android:clearTaskOnLaunch
		ADDED from src\main\AndroidManifest.xml:53:13-45
	android:screenOrientation
		ADDED from src\main\AndroidManifest.xml:54:13-50
	android:launchMode
		ADDED from src\main\AndroidManifest.xml:52:13-48
	android:name
		ADDED from src\main\AndroidManifest.xml:51:13-54
activity#com.example.android.bluetoothlegatt.com.can_main_activity
ADDED from src\main\AndroidManifest.xml:57:9-62:25
	android:clearTaskOnLaunch
		ADDED from src\main\AndroidManifest.xml:60:13-45
	android:screenOrientation
		ADDED from src\main\AndroidManifest.xml:61:13-50
	android:launchMode
		ADDED from src\main\AndroidManifest.xml:59:13-48
	android:name
		ADDED from src\main\AndroidManifest.xml:58:13-50
activity#com.example.android.bluetoothlegatt.com.music.music_main_activity
ADDED from src\main\AndroidManifest.xml:64:9-69:25
	android:clearTaskOnLaunch
		ADDED from src\main\AndroidManifest.xml:67:13-45
	android:screenOrientation
		ADDED from src\main\AndroidManifest.xml:68:13-50
	android:launchMode
		ADDED from src\main\AndroidManifest.xml:66:13-48
	android:name
		ADDED from src\main\AndroidManifest.xml:65:13-58
activity#com.example.android.bluetoothlegatt.com.music.carousel_activity
ADDED from src\main\AndroidManifest.xml:71:9-76:25
	android:clearTaskOnLaunch
		ADDED from src\main\AndroidManifest.xml:74:13-45
	android:screenOrientation
		ADDED from src\main\AndroidManifest.xml:75:13-50
	android:launchMode
		ADDED from src\main\AndroidManifest.xml:73:13-48
	android:name
		ADDED from src\main\AndroidManifest.xml:72:13-56
activity#com.example.android.bluetoothlegatt.com.music.music_play_activity
ADDED from src\main\AndroidManifest.xml:78:9-83:25
	android:clearTaskOnLaunch
		ADDED from src\main\AndroidManifest.xml:81:13-45
	android:screenOrientation
		ADDED from src\main\AndroidManifest.xml:82:13-50
	android:launchMode
		ADDED from src\main\AndroidManifest.xml:80:13-48
	android:name
		ADDED from src\main\AndroidManifest.xml:79:13-58
activity#com.example.android.bluetoothlegatt.com.music.music_play1_activity
ADDED from src\main\AndroidManifest.xml:85:9-90:25
	android:clearTaskOnLaunch
		ADDED from src\main\AndroidManifest.xml:88:13-45
	android:screenOrientation
		ADDED from src\main\AndroidManifest.xml:89:13-50
	android:launchMode
		ADDED from src\main\AndroidManifest.xml:87:13-48
	android:name
		ADDED from src\main\AndroidManifest.xml:86:13-59
activity#com.example.android.bluetoothlegatt.com.music.music_play2_activity
ADDED from src\main\AndroidManifest.xml:92:9-97:25
	android:clearTaskOnLaunch
		ADDED from src\main\AndroidManifest.xml:95:13-45
	android:screenOrientation
		ADDED from src\main\AndroidManifest.xml:96:13-50
	android:launchMode
		ADDED from src\main\AndroidManifest.xml:94:13-48
	android:name
		ADDED from src\main\AndroidManifest.xml:93:13-59
activity#com.example.android.bluetoothlegatt.com.music.music_play3_activity
ADDED from src\main\AndroidManifest.xml:99:9-104:25
	android:clearTaskOnLaunch
		ADDED from src\main\AndroidManifest.xml:102:13-45
	android:screenOrientation
		ADDED from src\main\AndroidManifest.xml:103:13-50
	android:launchMode
		ADDED from src\main\AndroidManifest.xml:101:13-48
	android:name
		ADDED from src\main\AndroidManifest.xml:100:13-59
activity#com.example.android.bluetoothlegatt.com.smart_key.smartKey_activity
ADDED from src\main\AndroidManifest.xml:106:9-111:25
	android:clearTaskOnLaunch
		ADDED from src\main\AndroidManifest.xml:109:13-45
	android:screenOrientation
		ADDED from src\main\AndroidManifest.xml:110:13-50
	android:launchMode
		ADDED from src\main\AndroidManifest.xml:108:13-48
	android:name
		ADDED from src\main\AndroidManifest.xml:107:13-60
activity#com.example.android.bluetoothlegatt.com.bio_status.bio_activity
ADDED from src\main\AndroidManifest.xml:113:9-118:25
	android:clearTaskOnLaunch
		ADDED from src\main\AndroidManifest.xml:116:13-45
	android:screenOrientation
		ADDED from src\main\AndroidManifest.xml:117:13-50
	android:launchMode
		ADDED from src\main\AndroidManifest.xml:115:13-48
	android:name
		ADDED from src\main\AndroidManifest.xml:114:13-56
meta-data#android.support.VERSION
ADDED from [com.android.support:support-v13:25.3.1] AndroidManifest.xml:25:5-27:34
MERGED from [com.android.support:cardview-v7:25.3.1] AndroidManifest.xml:22:5-24:34
MERGED from [com.android.support:appcompat-v7:25.3.1] AndroidManifest.xml:25:5-27:34
MERGED from [com.android.support:support-v4:25.3.1] AndroidManifest.xml:25:5-27:34
MERGED from [com.android.support:support-fragment:25.3.1] AndroidManifest.xml:25:5-27:34
MERGED from [com.android.support:support-media-compat:25.3.1] AndroidManifest.xml:25:5-27:34
MERGED from [com.android.support:support-core-ui:25.3.1] AndroidManifest.xml:25:5-27:34
MERGED from [com.android.support:support-core-utils:25.3.1] AndroidManifest.xml:25:5-27:34
MERGED from [com.android.support:animated-vector-drawable:25.3.1] AndroidManifest.xml:22:5-24:34
MERGED from [com.android.support:support-vector-drawable:25.3.1] AndroidManifest.xml:22:5-24:34
MERGED from [com.android.support:support-compat:25.3.1] AndroidManifest.xml:25:5-27:34
	android:value
		ADDED from [com.android.support:support-v13:25.3.1] AndroidManifest.xml:27:9-31
	android:name
		ADDED from [com.android.support:support-v13:25.3.1] AndroidManifest.xml:26:9-47